<?xml version="1.0" encoding="UTF-8"?>
<testng-results ignored="0" total="1" passed="1" failed="0" skipped="0">
  <reporter-output>
  </reporter-output>
  <suite started-at="2023-10-05T03:25:08 EDT" name="Default suite" finished-at="2023-10-05T03:25:32 EDT" duration-ms="23743">
    <groups>
      <group name="cucumber">
        <method signature="AbstractTestNGCucumberTests.feature(cucumber.api.testng.CucumberFeatureWrapper)[pri:0, instance:Emu_TestRunner.Emu_TestRunner@4e5ed836]" name="feature" class="cucumber.api.testng.AbstractTestNGCucumberTests"/>
      </group> <!-- cucumber -->
    </groups>
    <test started-at="2023-10-05T03:25:08 EDT" name="Default test" finished-at="2023-10-05T03:25:32 EDT" duration-ms="23743">
      <class name="Emu_TestRunner.Emu_TestRunner">
        <test-method is-config="true" signature="emStartURL()[pri:0, instance:Emu_TestRunner.Emu_TestRunner@4e5ed836]" started-at="2023-10-05T03:25:08 EDT" name="emStartURL" finished-at="2023-10-05T03:25:10 EDT" duration-ms="2287" status="PASS">
          <reporter-output>
          </reporter-output>
        </test-method> <!-- emStartURL -->
        <test-method is-config="true" signature="setUpClass()[pri:0, instance:Emu_TestRunner.Emu_TestRunner@4e5ed836]" started-at="2023-10-05T03:25:10 EDT" name="setUpClass" finished-at="2023-10-05T03:25:10 EDT" duration-ms="86" status="PASS">
          <reporter-output>
          </reporter-output>
        </test-method> <!-- setUpClass -->
        <test-method signature="feature(cucumber.api.testng.CucumberFeatureWrapper)[pri:0, instance:Emu_TestRunner.Emu_TestRunner@4e5ed836]" started-at="2023-10-05T03:25:11 EDT" name="feature" description="Runs Cucumber Feature" data-provider="features" finished-at="2023-10-05T03:25:29 EDT" duration-ms="18843" status="PASS">
          <params>
            <param index="0">
              <value>
                <![CDATA[This is a feature for search functionality]]>
              </value>
            </param>
          </params>
          <reporter-output>
          </reporter-output>
        </test-method> <!-- feature -->
        <test-method is-config="true" signature="tearDownClass()[pri:0, instance:Emu_TestRunner.Emu_TestRunner@4e5ed836]" started-at="2023-10-05T03:25:29 EDT" name="tearDownClass" finished-at="2023-10-05T03:25:29 EDT" duration-ms="20" status="PASS">
          <reporter-output>
          </reporter-output>
        </test-method> <!-- tearDownClass -->
        <test-method is-config="true" signature="emCloseURL()[pri:0, instance:Emu_TestRunner.Emu_TestRunner@4e5ed836]" started-at="2023-10-05T03:25:29 EDT" name="emCloseURL" finished-at="2023-10-05T03:25:32 EDT" duration-ms="2415" status="PASS">
          <reporter-output>
          </reporter-output>
        </test-method> <!-- emCloseURL -->
      </class> <!-- Emu_TestRunner.Emu_TestRunner -->
    </test> <!-- Default test -->
  </suite> <!-- Default suite -->
</testng-results>
